<?xml version="1.0" encoding="UTF-8"?>
<!-- Generated by org.testng.reporters.JUnitReportReporter -->
<testsuite hostname="MAVLT1243" failures="0" tests="1" name="sampleSelenium" time="9.929" errors="0" timestamp="2021-09-14T12:41:37 IST" skipped="0">
  <testcase classname="sampleSelenium" name="TestMethod" time="9.929"/>
  <system-out/>
</testsuite> <!-- sampleSelenium -->
