<?xml version="1.0" encoding="UTF-8"?>
<!-- Generated by org.testng.reporters.JUnitReportReporter -->
<testsuite hostname="MAVLT1243" failures="0" tests="2" name="com.picnic.maven.CrossBrowserScript" time="41.510" errors="0" timestamp="2021-09-15T14:34:24 IST" skipped="0">
  <testcase classname="com.picnic.maven.CrossBrowserScript" name="testParameterWithXML" time="24.875"/>
  <system-out/>
  <testcase classname="com.picnic.maven.CrossBrowserScript" name="testParameterWithXML" time="16.635"/>
  <system-out/>
</testsuite> <!-- com.picnic.maven.CrossBrowserScript -->
