<?xml version="1.0" encoding="UTF-8"?>
<!-- Generated by org.testng.reporters.JUnitReportReporter -->
<testsuite hostname="MAVLT1243" failures="0" tests="1" name="com.picnic.maven.verifyWordpressLogin" time="20.810" errors="0" timestamp="2021-09-15T11:58:22 IST" skipped="0">
  <testcase classname="com.picnic.maven.verifyWordpressLogin" name="verifyValidLogin" time="20.810"/>
  <system-out/>
</testsuite> <!-- com.picnic.maven.verifyWordpressLogin -->
