<?xml version="1.0" encoding="UTF-8"?>
<!-- Generated by org.testng.reporters.JUnitReportReporter -->
<testsuite hostname="MAVLT1243" failures="0" tests="2" name="com.picnic.maven.RecorderScript" time="32.400" errors="0" timestamp="2021-09-15T18:55:25 IST" skipped="0">
  <testcase classname="com.picnic.maven.RecorderScript" name="testParameterWithXML" time="15.870"/>
  <system-out/>
  <testcase classname="com.picnic.maven.RecorderScript" name="testParameterWithXML" time="16.530"/>
  <system-out/>
</testsuite> <!-- com.picnic.maven.RecorderScript -->
