<?xml version="1.0" encoding="UTF-8"?>
<!-- Generated by org.testng.reporters.JUnitReportReporter -->
<testsuite skipped="2" hostname="MAVLT1243" name="com.orange.pagetest.loginPageTest" tests="3" failures="0" timestamp="2021-09-20T11:34:50 IST" time="25.681" errors="0">
  <testcase name="LoginTest" time="25.681" classname="com.orange.pagetest.loginPageTest"/>
  <system-out/>
  <testcase name="loginPageTitleTest" classname="com.orange.pagetest.loginPageTest">
    <skipped/>
  </testcase> <!-- loginPageTitleTest -->
  <system-out/>
  <testcase name="orangeLogoTest" classname="com.orange.pagetest.loginPageTest">
    <skipped/>
  </testcase> <!-- orangeLogoTest -->
  <system-out/>
</testsuite> <!-- com.orange.pagetest.loginPageTest -->
