<?xml version="1.0" encoding="UTF-8"?>
<!-- Generated by org.testng.reporters.JUnitReportReporter -->
<testsuite skipped="0" hostname="MAVLT1243" name="com.orange.pagetest.homePageTest" tests="1" failures="0" timestamp="2021-09-20T11:36:26 IST" time="21.172" errors="0">
  <testcase name="orangelogoTest" time="21.172" classname="com.orange.pagetest.homePageTest"/>
  <system-out/>
</testsuite> <!-- com.orange.pagetest.homePageTest -->
