<?xml version="1.0" encoding="UTF-8"?>
<!-- Generated by org.testng.reporters.JUnitReportReporter -->
<testsuite skipped="0" hostname="MAVLT1243" name="com.picnic.maven.CrossBrowserScript" tests="2" failures="0" timestamp="2021-09-17T09:23:38 IST" time="37.106" errors="0">
  <testcase name="testParameterWithXML" time="19.685" classname="com.picnic.maven.CrossBrowserScript"/>
  <system-out/>
  <testcase name="testParameterWithXML" time="17.421" classname="com.picnic.maven.CrossBrowserScript"/>
  <system-out/>
</testsuite> <!-- com.picnic.maven.CrossBrowserScript -->
